# JRE version: OpenJDK Runtime Environment Temurin-21.0.11+10 (21.0.11+10) (build 21.0.11+10-LTS)
# Java VM: OpenJDK 64-Bit Server VM Temurin-21.0.11+10 (21.0.11+10-LTS, mixed mode, sharing, tiered, compressed oops, compressed class ptrs, parallel gc, windows-amd64)
GC Precious Log:
 CardTable entry size: 512
 CPUs: 2 total, 2 available
 Memory: 3911M
 Large Page Support: Disabled
 NUMA Support: Disabled
 Compressed Oops: Enabled (32-bit)
 Alignments: Space 512K, Generation 512K, Heap 2M
 Heap Min Capacity: 100M
 Heap Initial Capacity: 100M
 Heap Max Capacity: 2G
 Pre-touch: Disabled
 Parallel Workers: 2
Heap:
 PSYoungGen      total 3584K, used 1594K [0x00000000d5580000, 0x00000000d5a00000, 0x0000000100000000)
  eden space 3072K, 45% used [0x00000000d5580000,0x00000000d56de920,0x00000000d5880000)
  from space 512K, 37% used [0x00000000d5980000,0x00000000d59b0000,0x00000000d5a00000)
  to   space 512K, 0% used [0x00000000d5900000,0x00000000d5900000,0x00000000d5980000)
 ParOldGen       total 1323520K, used 1323251K [0x0000000080000000, 0x00000000d0c80000, 0x00000000d5580000)
  object space 1323520K, 99% used [0x0000000080000000,0x00000000d0c3cf80,0x00000000d0c80000)
 Metaspace       used 96994K, committed 99072K, reserved 1179648K
  class space    used 9896K, committed 10816K, reserved 1048576K
GC Heap History (20 events):
Event: 2617.181 GC heap before
{Heap before GC invocations=3252 (full 5):
 PSYoungGen      total 3072K, used 3066K [0x00000000d5580000, 0x00000000d5a80000, 0x0000000100000000)
  eden space 2560K, 99% used [0x00000000d5580000,0x00000000d57fffb8,0x00000000d5800000)
  from space 512K, 98% used [0x00000000d5a00000,0x00000000d5a7eae8,0x00000000d5a80000)
  to   space 1024K, 0% used [0x00000000d5880000,0x00000000d5880000,0x00000000d5980000)
 ParOldGen       total 1314304K, used 1314244K [0x0000000080000000, 0x00000000d0380000, 0x00000000d5580000)
  object space 1314304K, 99% used [0x0000000080000000,0x00000000d0371278,0x00000000d0380000)
 Metaspace       used 96975K, committed 99008K, reserved 1179648K
  class space    used 9896K, committed 10816K, reserved 1048576K
}
Event: 2617.190 GC heap after
{Heap after GC invocations=3252 (full 5):
 PSYoungGen      total 3584K, used 1012K [0x00000000d5580000, 0x00000000d5e00000, 0x0000000100000000)
  eden space 2560K, 0% used [0x00000000d5580000,0x00000000d5580000,0x00000000d5800000)
  from space 1024K, 98% used [0x00000000d5880000,0x00000000d597d200,0x00000000d5980000)
  to   space 3072K, 0% used [0x00000000d5b00000,0x00000000d5b00000,0x00000000d5e00000)
 ParOldGen       total 1316352K, used 1315928K [0x0000000080000000, 0x00000000d0580000, 0x00000000d5580000)
  object space 1316352K, 99% used [0x0000000080000000,0x00000000d0516318,0x00000000d0580000)
 Metaspace       used 96975K, committed 99008K, reserved 1179648K
  class space    used 9896K, committed 10816K, reserved 1048576K
}
Event: 2617.201 GC heap before
{Heap before GC invocations=3253 (full 5):
 PSYoungGen      total 3584K, used 3572K [0x00000000d5580000, 0x00000000d5e00000, 0x0000000100000000)
  eden space 2560K, 100% used [0x00000000d5580000,0x00000000d5800000,0x00000000d5800000)
  from space 1024K, 98% used [0x00000000d5880000,0x00000000d597d200,0x00000000d5980000)
  to   space 3072K, 0% used [0x00000000d5b00000,0x00000000d5b00000,0x00000000d5e00000)
 ParOldGen       total 1316352K, used 1315928K [0x0000000080000000, 0x00000000d0580000, 0x00000000d5580000)
  object space 1316352K, 99% used [0x0000000080000000,0x00000000d0516318,0x00000000d0580000)
 Metaspace       used 96975K, committed 99008K, reserved 1179648K
  class space    used 9896K, committed 10816K, reserved 1048576K
}
Event: 2617.211 GC heap after
{Heap after GC invocations=3253 (full 5):
 PSYoungGen      total 4096K, used 722K [0x00000000d5580000, 0x00000000d5c00000, 0x0000000100000000)
  eden space 3072K, 0% used [0x00000000d5580000,0x00000000d5580000,0x00000000d5880000)
  from space 1024K, 70% used [0x00000000d5b00000,0x00000000d5bb4858,0x00000000d5c00000)
  to   space 1536K, 0% used [0x00000000d5900000,0x00000000d5900000,0x00000000d5a80000)
 ParOldGen       total 1317376K, used 1316947K [0x0000000080000000, 0x00000000d0680000, 0x00000000d5580000)
  object space 1317376K, 99% used [0x0000000080000000,0x00000000d0614ca8,0x00000000d0680000)
 Metaspace       used 96975K, committed 99008K, reserved 1179648K
  class space    used 9896K, committed 10816K, reserved 1048576K
}
Event: 2618.050 GC heap before
{Heap before GC invocations=3254 (full 5):
 PSYoungGen      total 4096K, used 3794K [0x00000000d5580000, 0x00000000d5c00000, 0x0000000100000000)
  eden space 3072K, 99% used [0x00000000d5580000,0x00000000d587fff0,0x00000000d5880000)
  from space 1024K, 70% used [0x00000000d5b00000,0x00000000d5bb4858,0x00000000d5c00000)
  to   space 1536K, 0% used [0x00000000d5900000,0x00000000d5900000,0x00000000d5a80000)
 ParOldGen       total 1317376K, used 1316947K [0x0000000080000000, 0x00000000d0680000, 0x00000000d5580000)
  object space 1317376K, 99% used [0x0000000080000000,0x00000000d0614ca8,0x00000000d0680000)
 Metaspace       used 96975K, committed 99008K, reserved 1179648K
  class space    used 9896K, committed 10816K, reserved 1048576K
}
Event: 2618.061 GC heap after
{Heap after GC invocations=3254 (full 5):
 PSYoungGen      total 5120K, used 592K [0x00000000d5580000, 0x00000000d5b80000, 0x0000000100000000)
  eden space 3584K, 0% used [0x00000000d5580000,0x00000000d5580000,0x00000000d5900000)
  from space 1536K, 38% used [0x00000000d5900000,0x00000000d5994030,0x00000000d5a80000)
  to   space 1024K, 0% used [0x00000000d5a80000,0x00000000d5a80000,0x00000000d5b80000)
 ParOldGen       total 1317888K, used 1317475K [0x0000000080000000, 0x00000000d0700000, 0x00000000d5580000)
  object space 1317888K, 99% used [0x0000000080000000,0x00000000d0698ca8,0x00000000d0700000)
 Metaspace       used 96975K, committed 99008K, reserved 1179648K
  class space    used 9896K, committed 10816K, reserved 1048576K
}
Event: 2618.281 GC heap before
{Heap before GC invocations=3255 (full 5):
 PSYoungGen      total 5120K, used 4176K [0x00000000d5580000, 0x00000000d5b80000, 0x0000000100000000)
  eden space 3584K, 100% used [0x00000000d5580000,0x00000000d5900000,0x00000000d5900000)
  from space 1536K, 38% used [0x00000000d5900000,0x00000000d5994030,0x00000000d5a80000)
  to   space 1024K, 0% used [0x00000000d5a80000,0x00000000d5a80000,0x00000000d5b80000)
 ParOldGen       total 1317888K, used 1317475K [0x0000000080000000, 0x00000000d0700000, 0x00000000d5580000)
  object space 1317888K, 99% used [0x0000000080000000,0x00000000d0698ca8,0x00000000d0700000)
 Metaspace       used 96975K, committed 99008K, reserved 1179648K
  class space    used 9896K, committed 10816K, reserved 1048576K
}
Event: 2618.291 GC heap after
{Heap after GC invocations=3255 (full 5):
 PSYoungGen      total 3584K, used 1021K [0x00000000d5580000, 0x00000000d5e00000, 0x0000000100000000)
  eden space 2560K, 0% used [0x00000000d5580000,0x00000000d5580000,0x00000000d5800000)
  from space 1024K, 99% used [0x00000000d5a80000,0x00000000d5b7f578,0x00000000d5b80000)
  to   space 2560K, 0% used [0x00000000d5800000,0x00000000d5800000,0x00000000d5a80000)
 ParOldGen       total 1318400K, used 1318333K [0x0000000080000000, 0x00000000d0780000, 0x00000000d5580000)
  object space 1318400K, 99% used [0x0000000080000000,0x00000000d076f5e8,0x00000000d0780000)
 Metaspace       used 96975K, committed 99008K, reserved 1179648K
  class space    used 9896K, committed 10816K, reserved 1048576K
}
Event: 2618.336 GC heap before
{Heap before GC invocations=3256 (full 5):
 PSYoungGen      total 3584K, used 3581K [0x00000000d5580000, 0x00000000d5e00000, 0x0000000100000000)
  eden space 2560K, 99% used [0x00000000d5580000,0x00000000d57fff88,0x00000000d5800000)
  from space 1024K, 99% used [0x00000000d5a80000,0x00000000d5b7f578,0x00000000d5b80000)
  to   space 2560K, 0% used [0x00000000d5800000,0x00000000d5800000,0x00000000d5a80000)
 ParOldGen       total 1318400K, used 1318333K [0x0000000080000000, 0x00000000d0780000, 0x00000000d5580000)
  object space 1318400K, 99% used [0x0000000080000000,0x00000000d076f5e8,0x00000000d0780000)
 Metaspace       used 96975K, committed 99008K, reserved 1179648K
  class space    used 9896K, committed 10816K, reserved 1048576K
}
Event: 2618.345 GC heap after
{Heap after GC invocations=3256 (full 5):
 PSYoungGen      total 4608K, used 1808K [0x00000000d5580000, 0x00000000d5c00000, 0x0000000100000000)
  eden space 2560K, 0% used [0x00000000d5580000,0x00000000d5580000,0x00000000d5800000)
  from space 2048K, 88% used [0x00000000d5800000,0x00000000d59c4300,0x00000000d5a00000)
  to   space 2048K, 0% used [0x00000000d5a00000,0x00000000d5a00000,0x00000000d5c00000)
 ParOldGen       total 1319424K, used 1319342K [0x0000000080000000, 0x00000000d0880000, 0x00000000d5580000)
  object space 1319424K, 99% used [0x0000000080000000,0x00000000d086ba88,0x00000000d0880000)
 Metaspace       used 96975K, committed 99008K, reserved 1179648K
  class space    used 9896K, committed 10816K, reserved 1048576K
}
Event: 2618.728 GC heap before
{Heap before GC invocations=3257 (full 5):
 PSYoungGen      total 4608K, used 4368K [0x00000000d5580000, 0x00000000d5c00000, 0x0000000100000000)
  eden space 2560K, 100% used [0x00000000d5580000,0x00000000d5800000,0x00000000d5800000)
  from space 2048K, 88% used [0x00000000d5800000,0x00000000d59c4300,0x00000000d5a00000)
  to   space 2048K, 0% used [0x00000000d5a00000,0x00000000d5a00000,0x00000000d5c00000)
 ParOldGen       total 1319424K, used 1319342K [0x0000000080000000, 0x00000000d0880000, 0x00000000d5580000)
  object space 1319424K, 99% used [0x0000000080000000,0x00000000d086ba88,0x00000000d0880000)
 Metaspace       used 96975K, committed 99008K, reserved 1179648K
  class space    used 9896K, committed 10816K, reserved 1048576K
}
Event: 2618.738 GC heap after
{Heap after GC invocations=3257 (full 5):
 PSYoungGen      total 3584K, used 809K [0x00000000d5580000, 0x00000000d5b00000, 0x0000000100000000)
  eden space 2560K, 0% used [0x00000000d5580000,0x00000000d5580000,0x00000000d5800000)
  from space 1024K, 79% used [0x00000000d5a00000,0x00000000d5aca428,0x00000000d5b00000)
  to   space 1536K, 0% used [0x00000000d5800000,0x00000000d5800000,0x00000000d5980000)
 ParOldGen       total 1321472K, used 1321105K [0x0000000080000000, 0x00000000d0a80000, 0x00000000d5580000)
  object space 1321472K, 99% used [0x0000000080000000,0x00000000d0a24658,0x00000000d0a80000)
 Metaspace       used 96975K, committed 99008K, reserved 1179648K
  class space    used 9896K, committed 10816K, reserved 1048576K
}
Event: 2618.749 GC heap before
{Heap before GC invocations=3258 (full 5):
 PSYoungGen      total 3584K, used 3369K [0x00000000d5580000, 0x00000000d5b00000, 0x0000000100000000)
  eden space 2560K, 100% used [0x00000000d5580000,0x00000000d5800000,0x00000000d5800000)
  from space 1024K, 79% used [0x00000000d5a00000,0x00000000d5aca428,0x00000000d5b00000)
  to   space 1536K, 0% used [0x00000000d5800000,0x00000000d5800000,0x00000000d5980000)
 ParOldGen       total 1321472K, used 1321105K [0x0000000080000000, 0x00000000d0a80000, 0x00000000d5580000)
  object space 1321472K, 99% used [0x0000000080000000,0x00000000d0a24658,0x00000000d0a80000)
 Metaspace       used 96975K, committed 99008K, reserved 1179648K
  class space    used 9896K, committed 10816K, reserved 1048576K
}
Event: 2618.759 GC heap after
{Heap after GC invocations=3258 (full 5):
 PSYoungGen      total 4096K, used 576K [0x00000000d5580000, 0x00000000d5a80000, 0x0000000100000000)
  eden space 2560K, 0% used [0x00000000d5580000,0x00000000d5580000,0x00000000d5800000)
  from space 1536K, 37% used [0x00000000d5800000,0x00000000d5890000,0x00000000d5980000)
  to   space 1024K, 0% used [0x00000000d5980000,0x00000000d5980000,0x00000000d5a80000)
 ParOldGen       total 1321984K, used 1321865K [0x0000000080000000, 0x00000000d0b00000, 0x00000000d5580000)
  object space 1321984K, 99% used [0x0000000080000000,0x00000000d0ae2650,0x00000000d0b00000)
 Metaspace       used 96975K, committed 99008K, reserved 1179648K
  class space    used 9896K, committed 10816K, reserved 1048576K
}
Event: 2618.777 GC heap before
{Heap before GC invocations=3259 (full 5):
 PSYoungGen      total 4096K, used 3135K [0x00000000d5580000, 0x00000000d5a80000, 0x0000000100000000)
  eden space 2560K, 99% used [0x00000000d5580000,0x00000000d57fffe8,0x00000000d5800000)
  from space 1536K, 37% used [0x00000000d5800000,0x00000000d5890000,0x00000000d5980000)
  to   space 1024K, 0% used [0x00000000d5980000,0x00000000d5980000,0x00000000d5a80000)
 ParOldGen       total 1321984K, used 1321865K [0x0000000080000000, 0x00000000d0b00000, 0x00000000d5580000)
  object space 1321984K, 99% used [0x0000000080000000,0x00000000d0ae2650,0x00000000d0b00000)
 Metaspace       used 96979K, committed 99008K, reserved 1179648K
  class space    used 9896K, committed 10816K, reserved 1048576K
}
Event: 2618.786 GC heap after
{Heap after GC invocations=3259 (full 5):
 PSYoungGen      total 4096K, used 720K [0x00000000d5580000, 0x00000000d5a80000, 0x0000000100000000)
  eden space 3072K, 0% used [0x00000000d5580000,0x00000000d5580000,0x00000000d5880000)
  from space 1024K, 70% used [0x00000000d5980000,0x00000000d5a34010,0x00000000d5a80000)
  to   space 1024K, 0% used [0x00000000d5880000,0x00000000d5880000,0x00000000d5980000)
 ParOldGen       total 1322496K, used 1322425K [0x0000000080000000, 0x00000000d0b80000, 0x00000000d5580000)
  object space 1322496K, 99% used [0x0000000080000000,0x00000000d0b6e650,0x00000000d0b80000)
 Metaspace       used 96979K, committed 99008K, reserved 1179648K
  class space    used 9896K, committed 10816K, reserved 1048576K
}
Event: 2619.069 GC heap before
{Heap before GC invocations=3260 (full 5):
 PSYoungGen      total 4096K, used 3792K [0x00000000d5580000, 0x00000000d5a80000, 0x0000000100000000)
  eden space 3072K, 100% used [0x00000000d5580000,0x00000000d5880000,0x00000000d5880000)
  from space 1024K, 70% used [0x00000000d5980000,0x00000000d5a34010,0x00000000d5a80000)
  to   space 1024K, 0% used [0x00000000d5880000,0x00000000d5880000,0x00000000d5980000)
 ParOldGen       total 1322496K, used 1322425K [0x0000000080000000, 0x00000000d0b80000, 0x00000000d5580000)
  object space 1322496K, 99% used [0x0000000080000000,0x00000000d0b6e650,0x00000000d0b80000)
 Metaspace       used 96994K, committed 99072K, reserved 1179648K
  class space    used 9896K, committed 10816K, reserved 1048576K
}
Event: 2619.079 GC heap after
{Heap after GC invocations=3260 (full 5):
 PSYoungGen      total 4096K, used 624K [0x00000000d5580000, 0x00000000d5a80000, 0x0000000100000000)
  eden space 3072K, 0% used [0x00000000d5580000,0x00000000d5580000,0x00000000d5880000)
  from space 1024K, 60% used [0x00000000d5880000,0x00000000d591c030,0x00000000d5980000)
  to   space 1024K, 0% used [0x00000000d5980000,0x00000000d5980000,0x00000000d5a80000)
 ParOldGen       total 1323008K, used 1322657K [0x0000000080000000, 0x00000000d0c00000, 0x00000000d5580000)
  object space 1323008K, 99% used [0x0000000080000000,0x00000000d0ba8650,0x00000000d0c00000)
 Metaspace       used 96994K, committed 99072K, reserved 1179648K
  class space    used 9896K, committed 10816K, reserved 1048576K
}
Event: 2619.809 GC heap before
{Heap before GC invocations=3261 (full 5):
 PSYoungGen      total 4096K, used 3696K [0x00000000d5580000, 0x00000000d5a80000, 0x0000000100000000)
  eden space 3072K, 100% used [0x00000000d5580000,0x00000000d5880000,0x00000000d5880000)
  from space 1024K, 60% used [0x00000000d5880000,0x00000000d591c030,0x00000000d5980000)
  to   space 1024K, 0% used [0x00000000d5980000,0x00000000d5980000,0x00000000d5a80000)
 ParOldGen       total 1323008K, used 1322657K [0x0000000080000000, 0x00000000d0c00000, 0x00000000d5580000)
  object space 1323008K, 99% used [0x0000000080000000,0x00000000d0ba8650,0x00000000d0c00000)
 Metaspace       used 96994K, committed 99072K, reserved 1179648K
  class space    used 9896K, committed 10816K, reserved 1048576K
}
Event: 2619.848 GC heap after
{Heap after GC invocations=3261 (full 5):
 PSYoungGen      total 3584K, used 192K [0x00000000d5580000, 0x00000000d5a00000, 0x0000000100000000)
  eden space 3072K, 0% used [0x00000000d5580000,0x00000000d5580000,0x00000000d5880000)
  from space 512K, 37% used [0x00000000d5980000,0x00000000d59b0000,0x00000000d5a00000)
  to   space 512K, 0% used [0x00000000d5900000,0x00000000d5900000,0x00000000d5980000)
 ParOldGen       total 1323520K, used 1323251K [0x0000000080000000, 0x00000000d0c80000, 0x00000000d5580000)
  object space 1323520K, 99% used [0x0000000080000000,0x00000000d0c3cf80,0x00000000d0c80000)
 Metaspace       used 96994K, committed 99072K, reserved 1179648K
  class space    used 9896K, committed 10816K, reserved 1048576K
}

